[debug] [2019-05-01T18:43:27.293Z] ----------------------------------------------------------------------
[debug] [2019-05-01T18:43:27.296Z] Command:       C:\Program Files\nodejs\node.exe C:\Users\MarkPC\AppData\Roaming\npm\node_modules\firebase-tools\lib\bin\firebase.js deploy --only functions
[debug] [2019-05-01T18:43:27.296Z] CLI Version:   6.7.2
[debug] [2019-05-01T18:43:27.296Z] Platform:      win32
[debug] [2019-05-01T18:43:27.296Z] Node Version:  v10.15.3
[debug] [2019-05-01T18:43:27.298Z] Time:          Wed May 01 2019 14:43:27 GMT-0400 (Eastern Daylight Time)
[debug] [2019-05-01T18:43:27.298Z] ----------------------------------------------------------------------
[debug] 
[debug] [2019-05-01T18:43:27.311Z] > command requires scopes: ["email","openid","https://www.googleapis.com/auth/cloudplatformprojects.readonly","https://www.googleapis.com/auth/firebase","https://www.googleapis.com/auth/cloud-platform"]
[debug] [2019-05-01T18:43:27.311Z] > authorizing via signed-in user
[debug] [2019-05-01T18:43:27.311Z] [iam] checking project awesome-places-238720 for permissions ["cloudfunctions.functions.create","cloudfunctions.functions.delete","cloudfunctions.functions.get","cloudfunctions.functions.list","cloudfunctions.functions.update","cloudfunctions.operations.get","firebase.projects.get"]
[debug] [2019-05-01T18:43:27.313Z] >>> HTTP REQUEST POST https://cloudresourcemanager.googleapis.com/v1/projects/awesome-places-238720:testIamPermissions  

[debug] [2019-05-01T18:43:27.609Z] <<< HTTP RESPONSE 200
[debug] [2019-05-01T18:43:27.662Z] SyntaxError: Unexpected token A in JSON at position 0
    at JSON.parse (<anonymous>)
    at Socket.<anonymous> (C:\Users\MarkPC\AppData\Roaming\npm\node_modules\firebase-tools\lib\checkFirebaseSDKVersion.js:24:31)
    at Socket.emit (events.js:189:13)
    at Socket.EventEmitter.emit (domain.js:441:20)
    at addChunk (_stream_readable.js:284:12)
    at readableAddChunk (_stream_readable.js:265:11)
    at Socket.Readable.push (_stream_readable.js:220:10)
    at Pipe.onStreamRead [as onread] (internal/stream_base_commons.js:94:17)
[error] 
[error] Error: An unexpected error has occurred.
[debug] [2019-05-01T18:43:36.258Z] ----------------------------------------------------------------------
[debug] [2019-05-01T18:43:36.261Z] Command:       C:\Program Files\nodejs\node.exe C:\Users\MarkPC\AppData\Roaming\npm\node_modules\firebase-tools\lib\bin\firebase.js deploy
[debug] [2019-05-01T18:43:36.261Z] CLI Version:   6.7.2
[debug] [2019-05-01T18:43:36.261Z] Platform:      win32
[debug] [2019-05-01T18:43:36.261Z] Node Version:  v10.15.3
[debug] [2019-05-01T18:43:36.263Z] Time:          Wed May 01 2019 14:43:36 GMT-0400 (Eastern Daylight Time)
[debug] [2019-05-01T18:43:36.263Z] ----------------------------------------------------------------------
[debug] 
[debug] [2019-05-01T18:43:36.275Z] > command requires scopes: ["email","openid","https://www.googleapis.com/auth/cloudplatformprojects.readonly","https://www.googleapis.com/auth/firebase","https://www.googleapis.com/auth/cloud-platform"]
[debug] [2019-05-01T18:43:36.275Z] > authorizing via signed-in user
[debug] [2019-05-01T18:43:36.275Z] [iam] checking project awesome-places-238720 for permissions ["cloudfunctions.functions.create","cloudfunctions.functions.delete","cloudfunctions.functions.get","cloudfunctions.functions.list","cloudfunctions.functions.update","cloudfunctions.operations.get","firebase.projects.get"]
[debug] [2019-05-01T18:43:36.277Z] >>> HTTP REQUEST POST https://cloudresourcemanager.googleapis.com/v1/projects/awesome-places-238720:testIamPermissions  

[debug] [2019-05-01T18:43:36.561Z] <<< HTTP RESPONSE 200
[debug] [2019-05-01T18:43:36.620Z] SyntaxError: Unexpected token A in JSON at position 0
    at JSON.parse (<anonymous>)
    at Socket.<anonymous> (C:\Users\MarkPC\AppData\Roaming\npm\node_modules\firebase-tools\lib\checkFirebaseSDKVersion.js:24:31)
    at Socket.emit (events.js:189:13)
    at Socket.EventEmitter.emit (domain.js:441:20)
    at addChunk (_stream_readable.js:284:12)
    at readableAddChunk (_stream_readable.js:265:11)
    at Socket.Readable.push (_stream_readable.js:220:10)
    at Pipe.onStreamRead [as onread] (internal/stream_base_commons.js:94:17)
[error] 
[error] Error: An unexpected error has occurred.
[debug] [2019-05-01T18:44:11.162Z] ----------------------------------------------------------------------
[debug] [2019-05-01T18:44:11.165Z] Command:       C:\Program Files\nodejs\node.exe C:\Users\MarkPC\AppData\Roaming\npm\node_modules\firebase-tools\lib\bin\firebase.js deploy
[debug] [2019-05-01T18:44:11.166Z] CLI Version:   6.7.2
[debug] [2019-05-01T18:44:11.166Z] Platform:      win32
[debug] [2019-05-01T18:44:11.166Z] Node Version:  v10.15.3
[debug] [2019-05-01T18:44:11.168Z] Time:          Wed May 01 2019 14:44:11 GMT-0400 (Eastern Daylight Time)
[debug] [2019-05-01T18:44:11.168Z] ----------------------------------------------------------------------
[debug] 
[debug] [2019-05-01T18:44:11.182Z] > command requires scopes: ["email","openid","https://www.googleapis.com/auth/cloudplatformprojects.readonly","https://www.googleapis.com/auth/firebase","https://www.googleapis.com/auth/cloud-platform"]
[debug] [2019-05-01T18:44:11.183Z] > authorizing via signed-in user
[debug] [2019-05-01T18:44:11.183Z] [iam] checking project awesome-places-238720 for permissions ["cloudfunctions.functions.create","cloudfunctions.functions.delete","cloudfunctions.functions.get","cloudfunctions.functions.list","cloudfunctions.functions.update","cloudfunctions.operations.get","firebase.projects.get"]
[debug] [2019-05-01T18:44:11.185Z] >>> HTTP REQUEST POST https://cloudresourcemanager.googleapis.com/v1/projects/awesome-places-238720:testIamPermissions  

[debug] [2019-05-01T18:44:11.471Z] <<< HTTP RESPONSE 200
[debug] [2019-05-01T18:44:11.524Z] SyntaxError: Unexpected token A in JSON at position 0
    at JSON.parse (<anonymous>)
    at Socket.<anonymous> (C:\Users\MarkPC\AppData\Roaming\npm\node_modules\firebase-tools\lib\checkFirebaseSDKVersion.js:24:31)
    at Socket.emit (events.js:189:13)
    at Socket.EventEmitter.emit (domain.js:441:20)
    at addChunk (_stream_readable.js:284:12)
    at readableAddChunk (_stream_readable.js:265:11)
    at Socket.Readable.push (_stream_readable.js:220:10)
    at Pipe.onStreamRead [as onread] (internal/stream_base_commons.js:94:17)
[error] 
[error] Error: An unexpected error has occurred.
